2024-11-22T15:07:33.499+05:30  INFO 18944 --- [springexample] [main] c.b.s.SpringexampleApplication           : Starting SpringexampleApplication using Java 23.0.1 with PID 18944 (C:\Users\moham\OneDrive\Desktop\JavaContent\springexample\target\classes started by moham in C:\Users\moham\OneDrive\Desktop\JavaContent\springexample)
2024-11-22T15:07:33.515+05:30 DEBUG 18944 --- [springexample] [main] c.b.s.SpringexampleApplication           : Running with Spring Boot v3.3.5, Spring v6.1.14
2024-11-22T15:07:33.515+05:30  INFO 18944 --- [springexample] [main] c.b.s.SpringexampleApplication           : No active profile set, falling back to 1 default profile: "default"
2024-11-22T15:07:34.457+05:30  INFO 18944 --- [springexample] [main] .s.d.r.c.RepositoryConfigurationDelegate : Bootstrapping Spring Data JPA repositories in DEFAULT mode.
2024-11-22T15:07:34.547+05:30  INFO 18944 --- [springexample] [main] .s.d.r.c.RepositoryConfigurationDelegate : Finished Spring Data repository scanning in 78 ms. Found 1 JPA repository interface.
2024-11-22T15:07:35.356+05:30  INFO 18944 --- [springexample] [main] o.s.b.w.embedded.tomcat.TomcatWebServer  : Tomcat initialized with port 8080 (http)
2024-11-22T15:07:35.383+05:30  INFO 18944 --- [springexample] [main] o.apache.catalina.core.StandardService   : Starting service [Tomcat]
2024-11-22T15:07:35.383+05:30  INFO 18944 --- [springexample] [main] o.apache.catalina.core.StandardEngine    : Starting Servlet engine: [Apache Tomcat/10.1.31]
2024-11-22T15:07:35.474+05:30  INFO 18944 --- [springexample] [main] o.a.c.c.C.[Tomcat].[localhost].[/]       : Initializing Spring embedded WebApplicationContext
2024-11-22T15:07:35.474+05:30  INFO 18944 --- [springexample] [main] w.s.c.ServletWebServerApplicationContext : Root WebApplicationContext: initialization completed in 1859 ms
2024-11-22T15:07:35.545+05:30  INFO 18944 --- [springexample] [main] com.zaxxer.hikari.HikariDataSource       : HikariPool-1 - Starting...
2024-11-22T15:07:35.844+05:30  INFO 18944 --- [springexample] [main] com.zaxxer.hikari.pool.HikariPool        : HikariPool-1 - Added connection conn0: url=jdbc:h2:mem:testdb user=SA
2024-11-22T15:07:35.848+05:30  INFO 18944 --- [springexample] [main] com.zaxxer.hikari.HikariDataSource       : HikariPool-1 - Start completed.
2024-11-22T15:07:35.864+05:30  INFO 18944 --- [springexample] [main] o.s.b.a.h2.H2ConsoleAutoConfiguration    : H2 console available at '/h2-console'. Database available at 'jdbc:h2:mem:testdb'
2024-11-22T15:07:36.328+05:30  INFO 18944 --- [springexample] [main] o.hibernate.jpa.internal.util.LogHelper  : HHH000204: Processing PersistenceUnitInfo [name: default]
2024-11-22T15:07:36.403+05:30  INFO 18944 --- [springexample] [main] org.hibernate.Version                    : HHH000412: Hibernate ORM core version 6.5.3.Final
2024-11-22T15:07:36.444+05:30  INFO 18944 --- [springexample] [main] o.h.c.internal.RegionFactoryInitiator    : HHH000026: Second-level cache disabled
2024-11-22T15:07:36.913+05:30  INFO 18944 --- [springexample] [main] o.s.o.j.p.SpringPersistenceUnitInfo      : No LoadTimeWeaver setup: ignoring JPA class transformer
2024-11-22T15:07:37.974+05:30  INFO 18944 --- [springexample] [main] o.h.e.t.j.p.i.JtaPlatformInitiator       : HHH000489: No JTA platform available (set 'hibernate.transaction.jta.platform' to enable JTA platform integration)
2024-11-22T15:07:38.033+05:30  INFO 18944 --- [springexample] [main] j.LocalContainerEntityManagerFactoryBean : Initialized JPA EntityManagerFactory for persistence unit 'default'
2024-11-22T15:07:38.430+05:30  WARN 18944 --- [springexample] [main] JpaBaseConfiguration$JpaWebConfiguration : spring.jpa.open-in-view is enabled by default. Therefore, database queries may be performed during view rendering. Explicitly configure spring.jpa.open-in-view to disable this warning
2024-11-22T15:07:39.013+05:30  INFO 18944 --- [springexample] [main] o.s.b.w.embedded.tomcat.TomcatWebServer  : Tomcat started on port 8080 (http) with context path '/'
2024-11-22T15:07:39.025+05:30  INFO 18944 --- [springexample] [main] c.b.s.SpringexampleApplication           : Started SpringexampleApplication in 6.131 seconds (process running for 10.185)
2024-11-22T15:07:39.028+05:30  INFO 18944 --- [springexample] [main] c.b.s.SpringexampleApplication           : Info Level
2024-11-22T15:07:39.028+05:30 ERROR 18944 --- [springexample] [main] c.b.s.SpringexampleApplication           : Error level
2024-11-22T15:07:39.028+05:30 DEBUG 18944 --- [springexample] [main] c.b.s.SpringexampleApplication           : Debuf level
2024-11-22T15:07:39.028+05:30  WARN 18944 --- [springexample] [main] c.b.s.SpringexampleApplication           : Warn level
2024-11-22T15:07:51.173+05:30  INFO 18944 --- [springexample] [http-nio-8080-exec-2] o.a.c.c.C.[Tomcat].[localhost].[/]       : Initializing Spring DispatcherServlet 'dispatcherServlet'
2024-11-22T15:07:51.173+05:30  INFO 18944 --- [springexample] [http-nio-8080-exec-2] o.s.web.servlet.DispatcherServlet        : Initializing Servlet 'dispatcherServlet'
2024-11-22T15:07:51.173+05:30  INFO 18944 --- [springexample] [http-nio-8080-exec-2] o.s.web.servlet.DispatcherServlet        : Completed initialization in 0 ms
2024-11-22T15:18:37.547+05:30  INFO 18944 --- [springexample] [SpringApplicationShutdownHook] j.LocalContainerEntityManagerFactoryBean : Closing JPA EntityManagerFactory for persistence unit 'default'
2024-11-22T15:18:37.556+05:30  INFO 18944 --- [springexample] [SpringApplicationShutdownHook] com.zaxxer.hikari.HikariDataSource       : HikariPool-1 - Shutdown initiated...
2024-11-22T15:18:37.559+05:30  INFO 18944 --- [springexample] [SpringApplicationShutdownHook] com.zaxxer.hikari.HikariDataSource       : HikariPool-1 - Shutdown completed.
2024-11-22T15:18:49.787+05:30  INFO 22356 --- [springexample] [main] c.b.s.SpringexampleApplication           : Starting SpringexampleApplication using Java 23.0.1 with PID 22356 (C:\Users\moham\OneDrive\Desktop\JavaContent\springexample\target\classes started by moham in C:\Users\moham\OneDrive\Desktop\JavaContent\springexample)
2024-11-22T15:18:49.789+05:30 DEBUG 22356 --- [springexample] [main] c.b.s.SpringexampleApplication           : Running with Spring Boot v3.3.5, Spring v6.1.14
2024-11-22T15:18:49.791+05:30  INFO 22356 --- [springexample] [main] c.b.s.SpringexampleApplication           : No active profile set, falling back to 1 default profile: "default"
2024-11-22T15:18:50.869+05:30  INFO 22356 --- [springexample] [main] .s.d.r.c.RepositoryConfigurationDelegate : Bootstrapping Spring Data JPA repositories in DEFAULT mode.
2024-11-22T15:18:50.944+05:30  INFO 22356 --- [springexample] [main] .s.d.r.c.RepositoryConfigurationDelegate : Finished Spring Data repository scanning in 64 ms. Found 1 JPA repository interface.
2024-11-22T15:18:51.668+05:30  INFO 22356 --- [springexample] [main] o.s.b.w.embedded.tomcat.TomcatWebServer  : Tomcat initialized with port 8080 (http)
2024-11-22T15:18:51.686+05:30  INFO 22356 --- [springexample] [main] o.apache.catalina.core.StandardService   : Starting service [Tomcat]
2024-11-22T15:18:51.686+05:30  INFO 22356 --- [springexample] [main] o.apache.catalina.core.StandardEngine    : Starting Servlet engine: [Apache Tomcat/10.1.31]
2024-11-22T15:18:51.767+05:30  INFO 22356 --- [springexample] [main] o.a.c.c.C.[Tomcat].[localhost].[/]       : Initializing Spring embedded WebApplicationContext
2024-11-22T15:18:51.769+05:30  INFO 22356 --- [springexample] [main] w.s.c.ServletWebServerApplicationContext : Root WebApplicationContext: initialization completed in 1893 ms
2024-11-22T15:18:51.823+05:30  INFO 22356 --- [springexample] [main] com.zaxxer.hikari.HikariDataSource       : HikariPool-1 - Starting...
2024-11-22T15:18:52.089+05:30  INFO 22356 --- [springexample] [main] com.zaxxer.hikari.pool.HikariPool        : HikariPool-1 - Added connection conn0: url=jdbc:h2:mem:testdb user=SA
2024-11-22T15:18:52.091+05:30  INFO 22356 --- [springexample] [main] com.zaxxer.hikari.HikariDataSource       : HikariPool-1 - Start completed.
2024-11-22T15:18:52.135+05:30  INFO 22356 --- [springexample] [main] o.s.b.a.h2.H2ConsoleAutoConfiguration    : H2 console available at '/h2-console'. Database available at 'jdbc:h2:mem:testdb'
2024-11-22T15:18:52.334+05:30  INFO 22356 --- [springexample] [main] o.hibernate.jpa.internal.util.LogHelper  : HHH000204: Processing PersistenceUnitInfo [name: default]
2024-11-22T15:18:52.430+05:30  INFO 22356 --- [springexample] [main] org.hibernate.Version                    : HHH000412: Hibernate ORM core version 6.5.3.Final
2024-11-22T15:18:52.490+05:30  INFO 22356 --- [springexample] [main] o.h.c.internal.RegionFactoryInitiator    : HHH000026: Second-level cache disabled
2024-11-22T15:18:52.980+05:30  INFO 22356 --- [springexample] [main] o.s.o.j.p.SpringPersistenceUnitInfo      : No LoadTimeWeaver setup: ignoring JPA class transformer
2024-11-22T15:18:54.098+05:30  INFO 22356 --- [springexample] [main] o.h.e.t.j.p.i.JtaPlatformInitiator       : HHH000489: No JTA platform available (set 'hibernate.transaction.jta.platform' to enable JTA platform integration)
2024-11-22T15:18:54.138+05:30  INFO 22356 --- [springexample] [main] j.LocalContainerEntityManagerFactoryBean : Initialized JPA EntityManagerFactory for persistence unit 'default'
2024-11-22T15:18:54.557+05:30  WARN 22356 --- [springexample] [main] JpaBaseConfiguration$JpaWebConfiguration : spring.jpa.open-in-view is enabled by default. Therefore, database queries may be performed during view rendering. Explicitly configure spring.jpa.open-in-view to disable this warning
2024-11-22T15:18:55.061+05:30  INFO 22356 --- [springexample] [main] o.s.b.w.embedded.tomcat.TomcatWebServer  : Tomcat started on port 8080 (http) with context path '/'
2024-11-22T15:18:55.073+05:30  INFO 22356 --- [springexample] [main] c.b.s.SpringexampleApplication           : Started SpringexampleApplication in 5.909 seconds (process running for 6.475)
2024-11-22T15:18:55.076+05:30  INFO 22356 --- [springexample] [main] c.b.s.SpringexampleApplication           : Info Level
2024-11-22T15:18:55.077+05:30 ERROR 22356 --- [springexample] [main] c.b.s.SpringexampleApplication           : Error level
2024-11-22T15:18:55.077+05:30 DEBUG 22356 --- [springexample] [main] c.b.s.SpringexampleApplication           : Debuf level
2024-11-22T15:18:55.077+05:30  WARN 22356 --- [springexample] [main] c.b.s.SpringexampleApplication           : Warn level
2024-11-22T15:19:30.518+05:30  INFO 22356 --- [springexample] [http-nio-8080-exec-2] o.a.c.c.C.[Tomcat].[localhost].[/]       : Initializing Spring DispatcherServlet 'dispatcherServlet'
2024-11-22T15:19:30.518+05:30  INFO 22356 --- [springexample] [http-nio-8080-exec-2] o.s.web.servlet.DispatcherServlet        : Initializing Servlet 'dispatcherServlet'
2024-11-22T15:19:30.519+05:30  INFO 22356 --- [springexample] [http-nio-8080-exec-2] o.s.web.servlet.DispatcherServlet        : Completed initialization in 1 ms
2024-11-22T15:20:54.899+05:30  INFO 22356 --- [springexample] [SpringApplicationShutdownHook] j.LocalContainerEntityManagerFactoryBean : Closing JPA EntityManagerFactory for persistence unit 'default'
2024-11-22T15:20:54.902+05:30  INFO 22356 --- [springexample] [SpringApplicationShutdownHook] com.zaxxer.hikari.HikariDataSource       : HikariPool-1 - Shutdown initiated...
2024-11-22T15:20:54.905+05:30  INFO 22356 --- [springexample] [SpringApplicationShutdownHook] com.zaxxer.hikari.HikariDataSource       : HikariPool-1 - Shutdown completed.
2024-11-22T15:20:59.905+05:30  INFO 700 --- [springexample] [main] c.b.s.SpringexampleApplication           : Starting SpringexampleApplication using Java 23.0.1 with PID 700 (C:\Users\moham\OneDrive\Desktop\JavaContent\springexample\target\classes started by moham in C:\Users\moham\OneDrive\Desktop\JavaContent\springexample)
2024-11-22T15:20:59.907+05:30 DEBUG 700 --- [springexample] [main] c.b.s.SpringexampleApplication           : Running with Spring Boot v3.3.5, Spring v6.1.14
2024-11-22T15:20:59.908+05:30  INFO 700 --- [springexample] [main] c.b.s.SpringexampleApplication           : No active profile set, falling back to 1 default profile: "default"
2024-11-22T15:21:00.954+05:30  INFO 700 --- [springexample] [main] .s.d.r.c.RepositoryConfigurationDelegate : Bootstrapping Spring Data JPA repositories in DEFAULT mode.
2024-11-22T15:21:01.035+05:30  INFO 700 --- [springexample] [main] .s.d.r.c.RepositoryConfigurationDelegate : Finished Spring Data repository scanning in 67 ms. Found 1 JPA repository interface.
2024-11-22T15:21:01.793+05:30  INFO 700 --- [springexample] [main] o.s.b.w.embedded.tomcat.TomcatWebServer  : Tomcat initialized with port 8080 (http)
2024-11-22T15:21:01.814+05:30  INFO 700 --- [springexample] [main] o.apache.catalina.core.StandardService   : Starting service [Tomcat]
2024-11-22T15:21:01.814+05:30  INFO 700 --- [springexample] [main] o.apache.catalina.core.StandardEngine    : Starting Servlet engine: [Apache Tomcat/10.1.31]
2024-11-22T15:21:01.882+05:30  INFO 700 --- [springexample] [main] o.a.c.c.C.[Tomcat].[localhost].[/]       : Initializing Spring embedded WebApplicationContext
2024-11-22T15:21:01.882+05:30  INFO 700 --- [springexample] [main] w.s.c.ServletWebServerApplicationContext : Root WebApplicationContext: initialization completed in 1884 ms
2024-11-22T15:21:01.933+05:30  INFO 700 --- [springexample] [main] com.zaxxer.hikari.HikariDataSource       : HikariPool-1 - Starting...
2024-11-22T15:21:02.231+05:30  INFO 700 --- [springexample] [main] com.zaxxer.hikari.pool.HikariPool        : HikariPool-1 - Added connection conn0: url=jdbc:h2:mem:testdb user=SA
2024-11-22T15:21:02.234+05:30  INFO 700 --- [springexample] [main] com.zaxxer.hikari.HikariDataSource       : HikariPool-1 - Start completed.
2024-11-22T15:21:02.255+05:30  INFO 700 --- [springexample] [main] o.s.b.a.h2.H2ConsoleAutoConfiguration    : H2 console available at '/h2-console'. Database available at 'jdbc:h2:mem:testdb'
2024-11-22T15:21:02.460+05:30  INFO 700 --- [springexample] [main] o.hibernate.jpa.internal.util.LogHelper  : HHH000204: Processing PersistenceUnitInfo [name: default]
2024-11-22T15:21:02.548+05:30  INFO 700 --- [springexample] [main] org.hibernate.Version                    : HHH000412: Hibernate ORM core version 6.5.3.Final
2024-11-22T15:21:02.596+05:30  INFO 700 --- [springexample] [main] o.h.c.internal.RegionFactoryInitiator    : HHH000026: Second-level cache disabled
2024-11-22T15:21:03.045+05:30  INFO 700 --- [springexample] [main] o.s.o.j.p.SpringPersistenceUnitInfo      : No LoadTimeWeaver setup: ignoring JPA class transformer
2024-11-22T15:21:04.103+05:30  INFO 700 --- [springexample] [main] o.h.e.t.j.p.i.JtaPlatformInitiator       : HHH000489: No JTA platform available (set 'hibernate.transaction.jta.platform' to enable JTA platform integration)
2024-11-22T15:21:04.138+05:30  INFO 700 --- [springexample] [main] j.LocalContainerEntityManagerFactoryBean : Initialized JPA EntityManagerFactory for persistence unit 'default'
2024-11-22T15:21:04.547+05:30  WARN 700 --- [springexample] [main] JpaBaseConfiguration$JpaWebConfiguration : spring.jpa.open-in-view is enabled by default. Therefore, database queries may be performed during view rendering. Explicitly configure spring.jpa.open-in-view to disable this warning
2024-11-22T15:21:05.070+05:30  INFO 700 --- [springexample] [main] o.s.b.w.embedded.tomcat.TomcatWebServer  : Tomcat started on port 8080 (http) with context path '/'
2024-11-22T15:21:05.083+05:30  INFO 700 --- [springexample] [main] c.b.s.SpringexampleApplication           : Started SpringexampleApplication in 5.81 seconds (process running for 6.366)
2024-11-22T15:21:05.087+05:30  INFO 700 --- [springexample] [main] c.b.s.SpringexampleApplication           : Info Level
2024-11-22T15:21:05.087+05:30 ERROR 700 --- [springexample] [main] c.b.s.SpringexampleApplication           : Error level
2024-11-22T15:21:05.087+05:30 DEBUG 700 --- [springexample] [main] c.b.s.SpringexampleApplication           : Debuf level
2024-11-22T15:21:05.087+05:30  WARN 700 --- [springexample] [main] c.b.s.SpringexampleApplication           : Warn level
2024-11-22T15:21:10.035+05:30  INFO 700 --- [springexample] [http-nio-8080-exec-2] o.a.c.c.C.[Tomcat].[localhost].[/]       : Initializing Spring DispatcherServlet 'dispatcherServlet'
2024-11-22T15:21:10.035+05:30  INFO 700 --- [springexample] [http-nio-8080-exec-2] o.s.web.servlet.DispatcherServlet        : Initializing Servlet 'dispatcherServlet'
2024-11-22T15:21:10.036+05:30  INFO 700 --- [springexample] [http-nio-8080-exec-2] o.s.web.servlet.DispatcherServlet        : Completed initialization in 1 ms
2024-11-22T15:21:10.265+05:30  WARN 700 --- [springexample] [http-nio-8080-exec-2] .w.s.m.s.DefaultHandlerExceptionResolver : Resolved [org.springframework.web.bind.MethodArgumentNotValidException: Validation failed for argument [0] in public com.bridgelabz.springexample.dto.RequestDTO com.bridgelabz.springexample.controller.MyController.addEmployee(com.bridgelabz.springexample.dto.RequestDTO) with 3 errors: [Field error in object 'requestDTO' on field 'fName': rejected value []; codes [NotEmpty.requestDTO.fName,NotEmpty.fName,NotEmpty.java.lang.String,NotEmpty]; arguments [org.springframework.context.support.DefaultMessageSourceResolvable: codes [requestDTO.fName,fName]; arguments []; default message [fName]]; default message [must not be empty]] [Field error in object 'requestDTO' on field 'address': rejected value [ ]; codes [NotBlank.requestDTO.address,NotBlank.address,NotBlank.java.lang.String,NotBlank]; arguments [org.springframework.context.support.DefaultMessageSourceResolvable: codes [requestDTO.address,address]; arguments []; default message [address]]; default message [must not be blank]] [Field error in object 'requestDTO' on field 'lName': rejected value [null]; codes [NotNull.requestDTO.lName,NotNull.lName,NotNull.java.lang.String,NotNull]; arguments [org.springframework.context.support.DefaultMessageSourceResolvable: codes [requestDTO.lName,lName]; arguments []; default message [lName]]; default message [must not be null]] ]
2024-11-22T15:21:52.639+05:30  INFO 700 --- [springexample] [SpringApplicationShutdownHook] j.LocalContainerEntityManagerFactoryBean : Closing JPA EntityManagerFactory for persistence unit 'default'
2024-11-22T15:21:52.643+05:30  INFO 700 --- [springexample] [SpringApplicationShutdownHook] com.zaxxer.hikari.HikariDataSource       : HikariPool-1 - Shutdown initiated...
2024-11-22T15:21:52.649+05:30  INFO 700 --- [springexample] [SpringApplicationShutdownHook] com.zaxxer.hikari.HikariDataSource       : HikariPool-1 - Shutdown completed.
2024-11-22T15:21:55.354+05:30  INFO 23124 --- [springexample] [main] c.b.s.SpringexampleApplication           : Starting SpringexampleApplication using Java 23.0.1 with PID 23124 (C:\Users\moham\OneDrive\Desktop\JavaContent\springexample\target\classes started by moham in C:\Users\moham\OneDrive\Desktop\JavaContent\springexample)
2024-11-22T15:21:55.356+05:30 DEBUG 23124 --- [springexample] [main] c.b.s.SpringexampleApplication           : Running with Spring Boot v3.3.5, Spring v6.1.14
2024-11-22T15:21:55.357+05:30  INFO 23124 --- [springexample] [main] c.b.s.SpringexampleApplication           : No active profile set, falling back to 1 default profile: "default"
2024-11-22T15:21:56.387+05:30  INFO 23124 --- [springexample] [main] .s.d.r.c.RepositoryConfigurationDelegate : Bootstrapping Spring Data JPA repositories in DEFAULT mode.
2024-11-22T15:21:56.463+05:30  INFO 23124 --- [springexample] [main] .s.d.r.c.RepositoryConfigurationDelegate : Finished Spring Data repository scanning in 66 ms. Found 1 JPA repository interface.
2024-11-22T15:21:57.251+05:30  INFO 23124 --- [springexample] [main] o.s.b.w.embedded.tomcat.TomcatWebServer  : Tomcat initialized with port 8080 (http)
2024-11-22T15:21:57.276+05:30  INFO 23124 --- [springexample] [main] o.apache.catalina.core.StandardService   : Starting service [Tomcat]
2024-11-22T15:21:57.276+05:30  INFO 23124 --- [springexample] [main] o.apache.catalina.core.StandardEngine    : Starting Servlet engine: [Apache Tomcat/10.1.31]
2024-11-22T15:21:57.344+05:30  INFO 23124 --- [springexample] [main] o.a.c.c.C.[Tomcat].[localhost].[/]       : Initializing Spring embedded WebApplicationContext
2024-11-22T15:21:57.344+05:30  INFO 23124 --- [springexample] [main] w.s.c.ServletWebServerApplicationContext : Root WebApplicationContext: initialization completed in 1904 ms
2024-11-22T15:21:57.392+05:30  INFO 23124 --- [springexample] [main] com.zaxxer.hikari.HikariDataSource       : HikariPool-1 - Starting...
2024-11-22T15:21:57.675+05:30  INFO 23124 --- [springexample] [main] com.zaxxer.hikari.pool.HikariPool        : HikariPool-1 - Added connection conn0: url=jdbc:h2:mem:testdb user=SA
2024-11-22T15:21:57.678+05:30  INFO 23124 --- [springexample] [main] com.zaxxer.hikari.HikariDataSource       : HikariPool-1 - Start completed.
2024-11-22T15:21:57.698+05:30  INFO 23124 --- [springexample] [main] o.s.b.a.h2.H2ConsoleAutoConfiguration    : H2 console available at '/h2-console'. Database available at 'jdbc:h2:mem:testdb'
2024-11-22T15:21:57.914+05:30  INFO 23124 --- [springexample] [main] o.hibernate.jpa.internal.util.LogHelper  : HHH000204: Processing PersistenceUnitInfo [name: default]
2024-11-22T15:21:57.997+05:30  INFO 23124 --- [springexample] [main] org.hibernate.Version                    : HHH000412: Hibernate ORM core version 6.5.3.Final
2024-11-22T15:21:58.053+05:30  INFO 23124 --- [springexample] [main] o.h.c.internal.RegionFactoryInitiator    : HHH000026: Second-level cache disabled
2024-11-22T15:21:58.489+05:30  INFO 23124 --- [springexample] [main] o.s.o.j.p.SpringPersistenceUnitInfo      : No LoadTimeWeaver setup: ignoring JPA class transformer
2024-11-22T15:21:59.584+05:30  INFO 23124 --- [springexample] [main] o.h.e.t.j.p.i.JtaPlatformInitiator       : HHH000489: No JTA platform available (set 'hibernate.transaction.jta.platform' to enable JTA platform integration)
2024-11-22T15:21:59.635+05:30  INFO 23124 --- [springexample] [main] j.LocalContainerEntityManagerFactoryBean : Initialized JPA EntityManagerFactory for persistence unit 'default'
2024-11-22T15:22:00.061+05:30  WARN 23124 --- [springexample] [main] JpaBaseConfiguration$JpaWebConfiguration : spring.jpa.open-in-view is enabled by default. Therefore, database queries may be performed during view rendering. Explicitly configure spring.jpa.open-in-view to disable this warning
2024-11-22T15:22:00.577+05:30  INFO 23124 --- [springexample] [main] o.s.b.w.embedded.tomcat.TomcatWebServer  : Tomcat started on port 8080 (http) with context path '/'
2024-11-22T15:22:00.590+05:30  INFO 23124 --- [springexample] [main] c.b.s.SpringexampleApplication           : Started SpringexampleApplication in 5.855 seconds (process running for 6.384)
2024-11-22T15:22:00.595+05:30  INFO 23124 --- [springexample] [main] c.b.s.SpringexampleApplication           : Info Level
2024-11-22T15:22:00.595+05:30 ERROR 23124 --- [springexample] [main] c.b.s.SpringexampleApplication           : Error level
2024-11-22T15:22:00.595+05:30 DEBUG 23124 --- [springexample] [main] c.b.s.SpringexampleApplication           : Debuf level
2024-11-22T15:22:00.595+05:30  WARN 23124 --- [springexample] [main] c.b.s.SpringexampleApplication           : Warn level
2024-11-22T15:22:04.597+05:30  INFO 23124 --- [springexample] [http-nio-8080-exec-3] o.a.c.c.C.[Tomcat].[localhost].[/]       : Initializing Spring DispatcherServlet 'dispatcherServlet'
2024-11-22T15:22:04.598+05:30  INFO 23124 --- [springexample] [http-nio-8080-exec-3] o.s.web.servlet.DispatcherServlet        : Initializing Servlet 'dispatcherServlet'
2024-11-22T15:22:04.603+05:30  INFO 23124 --- [springexample] [http-nio-8080-exec-3] o.s.web.servlet.DispatcherServlet        : Completed initialization in 4 ms
2024-11-22T15:22:04.820+05:30  WARN 23124 --- [springexample] [http-nio-8080-exec-3] .w.s.m.s.DefaultHandlerExceptionResolver : Resolved [org.springframework.web.bind.MethodArgumentNotValidException: Validation failed for argument [0] in public com.bridgelabz.springexample.dto.RequestDTO com.bridgelabz.springexample.controller.MyController.addEmployee(com.bridgelabz.springexample.dto.RequestDTO) with 3 errors: [Field error in object 'requestDTO' on field 'fName': rejected value []; codes [NotEmpty.requestDTO.fName,NotEmpty.fName,NotEmpty.java.lang.String,NotEmpty]; arguments [org.springframework.context.support.DefaultMessageSourceResolvable: codes [requestDTO.fName,fName]; arguments []; default message [fName]]; default message [must not be empty]] [Field error in object 'requestDTO' on field 'lName': rejected value [null]; codes [NotNull.requestDTO.lName,NotNull.lName,NotNull.java.lang.String,NotNull]; arguments [org.springframework.context.support.DefaultMessageSourceResolvable: codes [requestDTO.lName,lName]; arguments []; default message [lName]]; default message [must not be null]] [Field error in object 'requestDTO' on field 'address': rejected value [ ]; codes [NotBlank.requestDTO.address,NotBlank.address,NotBlank.java.lang.String,NotBlank]; arguments [org.springframework.context.support.DefaultMessageSourceResolvable: codes [requestDTO.address,address]; arguments []; default message [address]]; default message [must not be blank]] ]
2024-11-22T15:26:50.509+05:30  INFO 23124 --- [springexample] [SpringApplicationShutdownHook] j.LocalContainerEntityManagerFactoryBean : Closing JPA EntityManagerFactory for persistence unit 'default'
2024-11-22T15:26:50.515+05:30  INFO 23124 --- [springexample] [SpringApplicationShutdownHook] com.zaxxer.hikari.HikariDataSource       : HikariPool-1 - Shutdown initiated...
2024-11-22T15:26:50.517+05:30  INFO 23124 --- [springexample] [SpringApplicationShutdownHook] com.zaxxer.hikari.HikariDataSource       : HikariPool-1 - Shutdown completed.
2024-11-22T15:26:56.395+05:30  INFO 21884 --- [springexample] [main] c.b.s.SpringexampleApplication           : Starting SpringexampleApplication using Java 23.0.1 with PID 21884 (C:\Users\moham\OneDrive\Desktop\JavaContent\springexample\target\classes started by moham in C:\Users\moham\OneDrive\Desktop\JavaContent\springexample)
2024-11-22T15:26:56.398+05:30 DEBUG 21884 --- [springexample] [main] c.b.s.SpringexampleApplication           : Running with Spring Boot v3.3.5, Spring v6.1.14
2024-11-22T15:26:56.399+05:30  INFO 21884 --- [springexample] [main] c.b.s.SpringexampleApplication           : No active profile set, falling back to 1 default profile: "default"
2024-11-22T15:26:57.616+05:30  INFO 21884 --- [springexample] [main] .s.d.r.c.RepositoryConfigurationDelegate : Bootstrapping Spring Data JPA repositories in DEFAULT mode.
2024-11-22T15:26:57.718+05:30  INFO 21884 --- [springexample] [main] .s.d.r.c.RepositoryConfigurationDelegate : Finished Spring Data repository scanning in 85 ms. Found 1 JPA repository interface.
2024-11-22T15:26:58.655+05:30  INFO 21884 --- [springexample] [main] o.s.b.w.embedded.tomcat.TomcatWebServer  : Tomcat initialized with port 8080 (http)
2024-11-22T15:26:58.685+05:30  INFO 21884 --- [springexample] [main] o.apache.catalina.core.StandardService   : Starting service [Tomcat]
2024-11-22T15:26:58.685+05:30  INFO 21884 --- [springexample] [main] o.apache.catalina.core.StandardEngine    : Starting Servlet engine: [Apache Tomcat/10.1.31]
2024-11-22T15:26:58.779+05:30  INFO 21884 --- [springexample] [main] o.a.c.c.C.[Tomcat].[localhost].[/]       : Initializing Spring embedded WebApplicationContext
2024-11-22T15:26:58.780+05:30  INFO 21884 --- [springexample] [main] w.s.c.ServletWebServerApplicationContext : Root WebApplicationContext: initialization completed in 2297 ms
2024-11-22T15:26:58.840+05:30  INFO 21884 --- [springexample] [main] com.zaxxer.hikari.HikariDataSource       : HikariPool-1 - Starting...
2024-11-22T15:26:59.163+05:30  INFO 21884 --- [springexample] [main] com.zaxxer.hikari.pool.HikariPool        : HikariPool-1 - Added connection conn0: url=jdbc:h2:mem:testdb user=SA
2024-11-22T15:26:59.167+05:30  INFO 21884 --- [springexample] [main] com.zaxxer.hikari.HikariDataSource       : HikariPool-1 - Start completed.
2024-11-22T15:26:59.190+05:30  INFO 21884 --- [springexample] [main] o.s.b.a.h2.H2ConsoleAutoConfiguration    : H2 console available at '/h2-console'. Database available at 'jdbc:h2:mem:testdb'
2024-11-22T15:26:59.469+05:30  INFO 21884 --- [springexample] [main] o.hibernate.jpa.internal.util.LogHelper  : HHH000204: Processing PersistenceUnitInfo [name: default]
2024-11-22T15:26:59.582+05:30  INFO 21884 --- [springexample] [main] org.hibernate.Version                    : HHH000412: Hibernate ORM core version 6.5.3.Final
2024-11-22T15:26:59.652+05:30  INFO 21884 --- [springexample] [main] o.h.c.internal.RegionFactoryInitiator    : HHH000026: Second-level cache disabled
2024-11-22T15:27:00.146+05:30  INFO 21884 --- [springexample] [main] o.s.o.j.p.SpringPersistenceUnitInfo      : No LoadTimeWeaver setup: ignoring JPA class transformer
2024-11-22T15:27:01.233+05:30  INFO 21884 --- [springexample] [main] o.h.e.t.j.p.i.JtaPlatformInitiator       : HHH000489: No JTA platform available (set 'hibernate.transaction.jta.platform' to enable JTA platform integration)
2024-11-22T15:27:01.274+05:30  INFO 21884 --- [springexample] [main] j.LocalContainerEntityManagerFactoryBean : Initialized JPA EntityManagerFactory for persistence unit 'default'
2024-11-22T15:27:01.658+05:30  WARN 21884 --- [springexample] [main] JpaBaseConfiguration$JpaWebConfiguration : spring.jpa.open-in-view is enabled by default. Therefore, database queries may be performed during view rendering. Explicitly configure spring.jpa.open-in-view to disable this warning
2024-11-22T15:27:02.201+05:30  INFO 21884 --- [springexample] [main] o.s.b.w.embedded.tomcat.TomcatWebServer  : Tomcat started on port 8080 (http) with context path '/'
2024-11-22T15:27:02.213+05:30  INFO 21884 --- [springexample] [main] c.b.s.SpringexampleApplication           : Started SpringexampleApplication in 6.522 seconds (process running for 7.101)
2024-11-22T15:27:02.217+05:30  INFO 21884 --- [springexample] [main] c.b.s.SpringexampleApplication           : Info Level
2024-11-22T15:27:02.217+05:30 ERROR 21884 --- [springexample] [main] c.b.s.SpringexampleApplication           : Error level
2024-11-22T15:27:02.218+05:30 DEBUG 21884 --- [springexample] [main] c.b.s.SpringexampleApplication           : Debuf level
2024-11-22T15:27:02.218+05:30  WARN 21884 --- [springexample] [main] c.b.s.SpringexampleApplication           : Warn level
2024-11-22T15:27:10.465+05:30  INFO 21884 --- [springexample] [http-nio-8080-exec-2] o.a.c.c.C.[Tomcat].[localhost].[/]       : Initializing Spring DispatcherServlet 'dispatcherServlet'
2024-11-22T15:27:10.472+05:30  INFO 21884 --- [springexample] [http-nio-8080-exec-2] o.s.web.servlet.DispatcherServlet        : Initializing Servlet 'dispatcherServlet'
2024-11-22T15:27:10.474+05:30  INFO 21884 --- [springexample] [http-nio-8080-exec-2] o.s.web.servlet.DispatcherServlet        : Completed initialization in 1 ms
2024-11-22T15:27:10.955+05:30  WARN 21884 --- [springexample] [http-nio-8080-exec-2] .w.s.m.s.DefaultHandlerExceptionResolver : Resolved [org.springframework.web.bind.MethodArgumentNotValidException: Validation failed for argument [0] in public com.bridgelabz.springexample.dto.RequestDTO com.bridgelabz.springexample.controller.MyController.addEmployee(com.bridgelabz.springexample.dto.RequestDTO): [Field error in object 'requestDTO' on field 'fName': rejected value [abc]; codes [Pattern.requestDTO.fName,Pattern.fName,Pattern.java.lang.String,Pattern]; arguments [org.springframework.context.support.DefaultMessageSourceResolvable: codes [requestDTO.fName,fName]; arguments []; default message [fName],[Ljakarta.validation.constraints.Pattern$Flag;@180bfffb,^[A-Z][a-zA-Z]{2,}$]; default message [Pattern mismatch Min 3 characters eg= Sam]] ]
2024-11-22T15:29:01.978+05:30  INFO 21884 --- [springexample] [SpringApplicationShutdownHook] j.LocalContainerEntityManagerFactoryBean : Closing JPA EntityManagerFactory for persistence unit 'default'
2024-11-22T15:29:01.983+05:30  INFO 21884 --- [springexample] [SpringApplicationShutdownHook] com.zaxxer.hikari.HikariDataSource       : HikariPool-1 - Shutdown initiated...
2024-11-22T15:29:01.985+05:30  INFO 21884 --- [springexample] [SpringApplicationShutdownHook] com.zaxxer.hikari.HikariDataSource       : HikariPool-1 - Shutdown completed.
2024-11-22T15:29:11.776+05:30  INFO 10572 --- [springexample] [main] c.b.s.SpringexampleApplication           : Starting SpringexampleApplication using Java 23.0.1 with PID 10572 (C:\Users\moham\OneDrive\Desktop\JavaContent\springexample\target\classes started by moham in C:\Users\moham\OneDrive\Desktop\JavaContent\springexample)
2024-11-22T15:29:11.779+05:30 DEBUG 10572 --- [springexample] [main] c.b.s.SpringexampleApplication           : Running with Spring Boot v3.3.5, Spring v6.1.14
2024-11-22T15:29:11.780+05:30  INFO 10572 --- [springexample] [main] c.b.s.SpringexampleApplication           : No active profile set, falling back to 1 default profile: "default"
2024-11-22T15:29:13.095+05:30  INFO 10572 --- [springexample] [main] .s.d.r.c.RepositoryConfigurationDelegate : Bootstrapping Spring Data JPA repositories in DEFAULT mode.
2024-11-22T15:29:13.177+05:30  INFO 10572 --- [springexample] [main] .s.d.r.c.RepositoryConfigurationDelegate : Finished Spring Data repository scanning in 68 ms. Found 1 JPA repository interface.
2024-11-22T15:29:14.633+05:30  INFO 10572 --- [springexample] [main] o.s.b.w.embedded.tomcat.TomcatWebServer  : Tomcat initialized with port 8080 (http)
2024-11-22T15:29:14.659+05:30  INFO 10572 --- [springexample] [main] o.apache.catalina.core.StandardService   : Starting service [Tomcat]
2024-11-22T15:29:14.659+05:30  INFO 10572 --- [springexample] [main] o.apache.catalina.core.StandardEngine    : Starting Servlet engine: [Apache Tomcat/10.1.31]
2024-11-22T15:29:14.736+05:30  INFO 10572 --- [springexample] [main] o.a.c.c.C.[Tomcat].[localhost].[/]       : Initializing Spring embedded WebApplicationContext
2024-11-22T15:29:14.736+05:30  INFO 10572 --- [springexample] [main] w.s.c.ServletWebServerApplicationContext : Root WebApplicationContext: initialization completed in 2793 ms
2024-11-22T15:29:14.781+05:30  INFO 10572 --- [springexample] [main] com.zaxxer.hikari.HikariDataSource       : HikariPool-1 - Starting...
2024-11-22T15:29:15.082+05:30  INFO 10572 --- [springexample] [main] com.zaxxer.hikari.pool.HikariPool        : HikariPool-1 - Added connection conn0: url=jdbc:h2:mem:testdb user=SA
2024-11-22T15:29:15.086+05:30  INFO 10572 --- [springexample] [main] com.zaxxer.hikari.HikariDataSource       : HikariPool-1 - Start completed.
2024-11-22T15:29:15.105+05:30  INFO 10572 --- [springexample] [main] o.s.b.a.h2.H2ConsoleAutoConfiguration    : H2 console available at '/h2-console'. Database available at 'jdbc:h2:mem:testdb'
2024-11-22T15:29:15.301+05:30  INFO 10572 --- [springexample] [main] o.hibernate.jpa.internal.util.LogHelper  : HHH000204: Processing PersistenceUnitInfo [name: default]
2024-11-22T15:29:15.395+05:30  INFO 10572 --- [springexample] [main] org.hibernate.Version                    : HHH000412: Hibernate ORM core version 6.5.3.Final
2024-11-22T15:29:15.440+05:30  INFO 10572 --- [springexample] [main] o.h.c.internal.RegionFactoryInitiator    : HHH000026: Second-level cache disabled
2024-11-22T15:29:15.937+05:30  INFO 10572 --- [springexample] [main] o.s.o.j.p.SpringPersistenceUnitInfo      : No LoadTimeWeaver setup: ignoring JPA class transformer
2024-11-22T15:29:16.800+05:30  INFO 10572 --- [springexample] [main] o.h.e.t.j.p.i.JtaPlatformInitiator       : HHH000489: No JTA platform available (set 'hibernate.transaction.jta.platform' to enable JTA platform integration)
2024-11-22T15:29:16.839+05:30  INFO 10572 --- [springexample] [main] j.LocalContainerEntityManagerFactoryBean : Initialized JPA EntityManagerFactory for persistence unit 'default'
2024-11-22T15:29:17.365+05:30  WARN 10572 --- [springexample] [main] JpaBaseConfiguration$JpaWebConfiguration : spring.jpa.open-in-view is enabled by default. Therefore, database queries may be performed during view rendering. Explicitly configure spring.jpa.open-in-view to disable this warning
2024-11-22T15:29:18.081+05:30  INFO 10572 --- [springexample] [main] o.s.b.w.embedded.tomcat.TomcatWebServer  : Tomcat started on port 8080 (http) with context path '/'
2024-11-22T15:29:18.113+05:30  INFO 10572 --- [springexample] [main] c.b.s.SpringexampleApplication           : Started SpringexampleApplication in 6.913 seconds (process running for 8.007)
2024-11-22T15:29:18.120+05:30  INFO 10572 --- [springexample] [main] c.b.s.SpringexampleApplication           : Info Level
2024-11-22T15:29:18.121+05:30 ERROR 10572 --- [springexample] [main] c.b.s.SpringexampleApplication           : Error level
2024-11-22T15:29:18.121+05:30 DEBUG 10572 --- [springexample] [main] c.b.s.SpringexampleApplication           : Debuf level
2024-11-22T15:29:18.121+05:30  WARN 10572 --- [springexample] [main] c.b.s.SpringexampleApplication           : Warn level
2024-11-22T15:29:38.456+05:30  INFO 10572 --- [springexample] [http-nio-8080-exec-2] o.a.c.c.C.[Tomcat].[localhost].[/]       : Initializing Spring DispatcherServlet 'dispatcherServlet'
2024-11-22T15:29:38.456+05:30  INFO 10572 --- [springexample] [http-nio-8080-exec-2] o.s.web.servlet.DispatcherServlet        : Initializing Servlet 'dispatcherServlet'
2024-11-22T15:29:38.457+05:30  INFO 10572 --- [springexample] [http-nio-8080-exec-2] o.s.web.servlet.DispatcherServlet        : Completed initialization in 1 ms
2024-11-22T15:29:38.640+05:30  WARN 10572 --- [springexample] [http-nio-8080-exec-2] .w.s.m.s.DefaultHandlerExceptionResolver : Resolved [org.springframework.web.bind.MethodArgumentNotValidException: Validation failed for argument [0] in public com.bridgelabz.springexample.dto.RequestDTO com.bridgelabz.springexample.controller.MyController.addEmployee(com.bridgelabz.springexample.dto.RequestDTO): [Field error in object 'requestDTO' on field 'emailId': rejected value [asdfdfs]; codes [Email.requestDTO.emailId,Email.emailId,Email.java.lang.String,Email]; arguments [org.springframework.context.support.DefaultMessageSourceResolvable: codes [requestDTO.emailId,emailId]; arguments []; default message [emailId],[Ljakarta.validation.constraints.Pattern$Flag;@37480e13,.*]; default message [must be a well-formed email address]] ]
2024-11-22T15:32:52.982+05:30  INFO 10572 --- [springexample] [SpringApplicationShutdownHook] j.LocalContainerEntityManagerFactoryBean : Closing JPA EntityManagerFactory for persistence unit 'default'
2024-11-22T15:32:52.989+05:30  INFO 10572 --- [springexample] [SpringApplicationShutdownHook] com.zaxxer.hikari.HikariDataSource       : HikariPool-1 - Shutdown initiated...
2024-11-22T15:32:52.991+05:30  INFO 10572 --- [springexample] [SpringApplicationShutdownHook] com.zaxxer.hikari.HikariDataSource       : HikariPool-1 - Shutdown completed.
2024-11-22T15:32:58.867+05:30  INFO 20228 --- [springexample] [main] c.b.s.SpringexampleApplication           : Starting SpringexampleApplication using Java 23.0.1 with PID 20228 (C:\Users\moham\OneDrive\Desktop\JavaContent\springexample\target\classes started by moham in C:\Users\moham\OneDrive\Desktop\JavaContent\springexample)
2024-11-22T15:32:58.869+05:30 DEBUG 20228 --- [springexample] [main] c.b.s.SpringexampleApplication           : Running with Spring Boot v3.3.5, Spring v6.1.14
2024-11-22T15:32:58.870+05:30  INFO 20228 --- [springexample] [main] c.b.s.SpringexampleApplication           : No active profile set, falling back to 1 default profile: "default"
2024-11-22T15:32:59.927+05:30  INFO 20228 --- [springexample] [main] .s.d.r.c.RepositoryConfigurationDelegate : Bootstrapping Spring Data JPA repositories in DEFAULT mode.
2024-11-22T15:32:59.991+05:30  INFO 20228 --- [springexample] [main] .s.d.r.c.RepositoryConfigurationDelegate : Finished Spring Data repository scanning in 55 ms. Found 1 JPA repository interface.
2024-11-22T15:33:00.725+05:30  INFO 20228 --- [springexample] [main] o.s.b.w.embedded.tomcat.TomcatWebServer  : Tomcat initialized with port 8080 (http)
2024-11-22T15:33:00.750+05:30  INFO 20228 --- [springexample] [main] o.apache.catalina.core.StandardService   : Starting service [Tomcat]
2024-11-22T15:33:00.751+05:30  INFO 20228 --- [springexample] [main] o.apache.catalina.core.StandardEngine    : Starting Servlet engine: [Apache Tomcat/10.1.31]
2024-11-22T15:33:00.837+05:30  INFO 20228 --- [springexample] [main] o.a.c.c.C.[Tomcat].[localhost].[/]       : Initializing Spring embedded WebApplicationContext
2024-11-22T15:33:00.838+05:30  INFO 20228 --- [springexample] [main] w.s.c.ServletWebServerApplicationContext : Root WebApplicationContext: initialization completed in 1881 ms
2024-11-22T15:33:00.885+05:30  INFO 20228 --- [springexample] [main] com.zaxxer.hikari.HikariDataSource       : HikariPool-1 - Starting...
2024-11-22T15:33:01.108+05:30  INFO 20228 --- [springexample] [main] com.zaxxer.hikari.pool.HikariPool        : HikariPool-1 - Added connection conn0: url=jdbc:h2:mem:testdb user=SA
2024-11-22T15:33:01.110+05:30  INFO 20228 --- [springexample] [main] com.zaxxer.hikari.HikariDataSource       : HikariPool-1 - Start completed.
2024-11-22T15:33:01.131+05:30  INFO 20228 --- [springexample] [main] o.s.b.a.h2.H2ConsoleAutoConfiguration    : H2 console available at '/h2-console'. Database available at 'jdbc:h2:mem:testdb'
2024-11-22T15:33:01.355+05:30  INFO 20228 --- [springexample] [main] o.hibernate.jpa.internal.util.LogHelper  : HHH000204: Processing PersistenceUnitInfo [name: default]
2024-11-22T15:33:01.434+05:30  INFO 20228 --- [springexample] [main] org.hibernate.Version                    : HHH000412: Hibernate ORM core version 6.5.3.Final
2024-11-22T15:33:01.474+05:30  INFO 20228 --- [springexample] [main] o.h.c.internal.RegionFactoryInitiator    : HHH000026: Second-level cache disabled
2024-11-22T15:33:01.988+05:30  INFO 20228 --- [springexample] [main] o.s.o.j.p.SpringPersistenceUnitInfo      : No LoadTimeWeaver setup: ignoring JPA class transformer
2024-11-22T15:33:03.118+05:30  INFO 20228 --- [springexample] [main] o.h.e.t.j.p.i.JtaPlatformInitiator       : HHH000489: No JTA platform available (set 'hibernate.transaction.jta.platform' to enable JTA platform integration)
2024-11-22T15:33:03.163+05:30  INFO 20228 --- [springexample] [main] j.LocalContainerEntityManagerFactoryBean : Initialized JPA EntityManagerFactory for persistence unit 'default'
2024-11-22T15:33:04.184+05:30  WARN 20228 --- [springexample] [main] JpaBaseConfiguration$JpaWebConfiguration : spring.jpa.open-in-view is enabled by default. Therefore, database queries may be performed during view rendering. Explicitly configure spring.jpa.open-in-view to disable this warning
2024-11-22T15:33:04.681+05:30  INFO 20228 --- [springexample] [main] o.s.b.w.embedded.tomcat.TomcatWebServer  : Tomcat started on port 8080 (http) with context path '/'
2024-11-22T15:33:04.691+05:30  INFO 20228 --- [springexample] [main] c.b.s.SpringexampleApplication           : Started SpringexampleApplication in 6.421 seconds (process running for 6.992)
2024-11-22T15:33:04.695+05:30  INFO 20228 --- [springexample] [main] c.b.s.SpringexampleApplication           : Info Level
2024-11-22T15:33:04.696+05:30 ERROR 20228 --- [springexample] [main] c.b.s.SpringexampleApplication           : Error level
2024-11-22T15:33:04.696+05:30 DEBUG 20228 --- [springexample] [main] c.b.s.SpringexampleApplication           : Debuf level
2024-11-22T15:33:04.696+05:30  WARN 20228 --- [springexample] [main] c.b.s.SpringexampleApplication           : Warn level
2024-11-22T15:33:14.621+05:30  INFO 20228 --- [springexample] [http-nio-8080-exec-2] o.a.c.c.C.[Tomcat].[localhost].[/]       : Initializing Spring DispatcherServlet 'dispatcherServlet'
2024-11-22T15:33:14.621+05:30  INFO 20228 --- [springexample] [http-nio-8080-exec-2] o.s.web.servlet.DispatcherServlet        : Initializing Servlet 'dispatcherServlet'
2024-11-22T15:33:14.623+05:30  INFO 20228 --- [springexample] [http-nio-8080-exec-2] o.s.web.servlet.DispatcherServlet        : Completed initialization in 2 ms
2024-11-22T15:33:14.869+05:30  WARN 20228 --- [springexample] [http-nio-8080-exec-2] .w.s.m.s.DefaultHandlerExceptionResolver : Resolved [org.springframework.web.bind.MethodArgumentNotValidException: Validation failed for argument [0] in public com.bridgelabz.springexample.dto.RequestDTO com.bridgelabz.springexample.controller.MyController.addEmployee(com.bridgelabz.springexample.dto.RequestDTO): [Field error in object 'requestDTO' on field 'age': rejected value [0]; codes [Min.requestDTO.age,Min.age,Min.int,Min]; arguments [org.springframework.context.support.DefaultMessageSourceResolvable: codes [requestDTO.age,age]; arguments []; default message [age],18]; default message [Age must be 18+]] ]
2024-11-22T15:33:48.026+05:30  WARN 20228 --- [springexample] [http-nio-8080-exec-3] .w.s.m.s.DefaultHandlerExceptionResolver : Resolved [org.springframework.web.bind.MethodArgumentNotValidException: Validation failed for argument [0] in public com.bridgelabz.springexample.dto.RequestDTO com.bridgelabz.springexample.controller.MyController.addEmployee(com.bridgelabz.springexample.dto.RequestDTO): [Field error in object 'requestDTO' on field 'age': rejected value [55]; codes [Max.requestDTO.age,Max.age,Max.int,Max]; arguments [org.springframework.context.support.DefaultMessageSourceResolvable: codes [requestDTO.age,age]; arguments []; default message [age],50]; default message [Age limit less then 50]] ]
2024-11-22T15:38:59.579+05:30  INFO 20228 --- [springexample] [SpringApplicationShutdownHook] j.LocalContainerEntityManagerFactoryBean : Closing JPA EntityManagerFactory for persistence unit 'default'
2024-11-22T15:38:59.588+05:30  INFO 20228 --- [springexample] [SpringApplicationShutdownHook] com.zaxxer.hikari.HikariDataSource       : HikariPool-1 - Shutdown initiated...
2024-11-22T15:38:59.591+05:30  INFO 20228 --- [springexample] [SpringApplicationShutdownHook] com.zaxxer.hikari.HikariDataSource       : HikariPool-1 - Shutdown completed.
2024-11-22T15:39:06.353+05:30  INFO 11872 --- [springexample] [main] c.b.s.SpringexampleApplication           : Starting SpringexampleApplication using Java 23.0.1 with PID 11872 (C:\Users\moham\OneDrive\Desktop\JavaContent\springexample\target\classes started by moham in C:\Users\moham\OneDrive\Desktop\JavaContent\springexample)
2024-11-22T15:39:06.355+05:30 DEBUG 11872 --- [springexample] [main] c.b.s.SpringexampleApplication           : Running with Spring Boot v3.3.5, Spring v6.1.14
2024-11-22T15:39:06.357+05:30  INFO 11872 --- [springexample] [main] c.b.s.SpringexampleApplication           : No active profile set, falling back to 1 default profile: "default"
2024-11-22T15:39:07.426+05:30  INFO 11872 --- [springexample] [main] .s.d.r.c.RepositoryConfigurationDelegate : Bootstrapping Spring Data JPA repositories in DEFAULT mode.
2024-11-22T15:39:07.494+05:30  INFO 11872 --- [springexample] [main] .s.d.r.c.RepositoryConfigurationDelegate : Finished Spring Data repository scanning in 59 ms. Found 1 JPA repository interface.
2024-11-22T15:39:08.324+05:30  INFO 11872 --- [springexample] [main] o.s.b.w.embedded.tomcat.TomcatWebServer  : Tomcat initialized with port 8080 (http)
2024-11-22T15:39:08.352+05:30  INFO 11872 --- [springexample] [main] o.apache.catalina.core.StandardService   : Starting service [Tomcat]
2024-11-22T15:39:08.352+05:30  INFO 11872 --- [springexample] [main] o.apache.catalina.core.StandardEngine    : Starting Servlet engine: [Apache Tomcat/10.1.31]
2024-11-22T15:39:08.427+05:30  INFO 11872 --- [springexample] [main] o.a.c.c.C.[Tomcat].[localhost].[/]       : Initializing Spring embedded WebApplicationContext
2024-11-22T15:39:08.427+05:30  INFO 11872 --- [springexample] [main] w.s.c.ServletWebServerApplicationContext : Root WebApplicationContext: initialization completed in 1991 ms
2024-11-22T15:39:08.476+05:30  INFO 11872 --- [springexample] [main] com.zaxxer.hikari.HikariDataSource       : HikariPool-1 - Starting...
2024-11-22T15:39:08.815+05:30  INFO 11872 --- [springexample] [main] com.zaxxer.hikari.pool.HikariPool        : HikariPool-1 - Added connection conn0: url=jdbc:h2:mem:testdb user=SA
2024-11-22T15:39:08.817+05:30  INFO 11872 --- [springexample] [main] com.zaxxer.hikari.HikariDataSource       : HikariPool-1 - Start completed.
2024-11-22T15:39:08.838+05:30  INFO 11872 --- [springexample] [main] o.s.b.a.h2.H2ConsoleAutoConfiguration    : H2 console available at '/h2-console'. Database available at 'jdbc:h2:mem:testdb'
2024-11-22T15:39:09.090+05:30  INFO 11872 --- [springexample] [main] o.hibernate.jpa.internal.util.LogHelper  : HHH000204: Processing PersistenceUnitInfo [name: default]
2024-11-22T15:39:09.155+05:30  INFO 11872 --- [springexample] [main] org.hibernate.Version                    : HHH000412: Hibernate ORM core version 6.5.3.Final
2024-11-22T15:39:09.200+05:30  INFO 11872 --- [springexample] [main] o.h.c.internal.RegionFactoryInitiator    : HHH000026: Second-level cache disabled
2024-11-22T15:39:10.206+05:30  INFO 11872 --- [springexample] [main] o.s.o.j.p.SpringPersistenceUnitInfo      : No LoadTimeWeaver setup: ignoring JPA class transformer
2024-11-22T15:39:11.154+05:30  INFO 11872 --- [springexample] [main] o.h.e.t.j.p.i.JtaPlatformInitiator       : HHH000489: No JTA platform available (set 'hibernate.transaction.jta.platform' to enable JTA platform integration)
2024-11-22T15:39:11.189+05:30  INFO 11872 --- [springexample] [main] j.LocalContainerEntityManagerFactoryBean : Initialized JPA EntityManagerFactory for persistence unit 'default'
2024-11-22T15:39:11.597+05:30  WARN 11872 --- [springexample] [main] JpaBaseConfiguration$JpaWebConfiguration : spring.jpa.open-in-view is enabled by default. Therefore, database queries may be performed during view rendering. Explicitly configure spring.jpa.open-in-view to disable this warning
2024-11-22T15:39:12.121+05:30  INFO 11872 --- [springexample] [main] o.s.b.w.embedded.tomcat.TomcatWebServer  : Tomcat started on port 8080 (http) with context path '/'
2024-11-22T15:39:12.135+05:30  INFO 11872 --- [springexample] [main] c.b.s.SpringexampleApplication           : Started SpringexampleApplication in 6.393 seconds (process running for 6.927)
2024-11-22T15:39:12.138+05:30  INFO 11872 --- [springexample] [main] c.b.s.SpringexampleApplication           : Info Level
2024-11-22T15:39:12.139+05:30 ERROR 11872 --- [springexample] [main] c.b.s.SpringexampleApplication           : Error level
2024-11-22T15:39:12.139+05:30 DEBUG 11872 --- [springexample] [main] c.b.s.SpringexampleApplication           : Debuf level
2024-11-22T15:39:12.139+05:30  WARN 11872 --- [springexample] [main] c.b.s.SpringexampleApplication           : Warn level
2024-11-22T15:41:49.408+05:30  INFO 11872 --- [springexample] [http-nio-8080-exec-1] o.a.c.c.C.[Tomcat].[localhost].[/]       : Initializing Spring DispatcherServlet 'dispatcherServlet'
2024-11-22T15:41:49.409+05:30  INFO 11872 --- [springexample] [http-nio-8080-exec-1] o.s.web.servlet.DispatcherServlet        : Initializing Servlet 'dispatcherServlet'
2024-11-22T15:41:49.411+05:30  INFO 11872 --- [springexample] [http-nio-8080-exec-1] o.s.web.servlet.DispatcherServlet        : Completed initialization in 2 ms
2024-11-22T15:41:49.664+05:30  WARN 11872 --- [springexample] [http-nio-8080-exec-1] .w.s.m.s.DefaultHandlerExceptionResolver : Resolved [org.springframework.web.bind.MethodArgumentNotValidException: Validation failed for argument [0] in public com.bridgelabz.springexample.dto.RequestDTO com.bridgelabz.springexample.controller.MyController.addEmployee(com.bridgelabz.springexample.dto.RequestDTO) with 4 errors: [Field error in object 'requestDTO' on field 'eventDate': rejected value [2024-01-01]; codes [Future.requestDTO.eventDate,Future.eventDate,Future.java.time.LocalDate,Future]; arguments [org.springframework.context.support.DefaultMessageSourceResolvable: codes [requestDTO.eventDate,eventDate]; arguments []; default message [eventDate]]; default message [Event date must be a future date]] [Field error in object 'requestDTO' on field 'bookingDate': rejected value [2023-01-01]; codes [FutureOrPresent.requestDTO.bookingDate,FutureOrPresent.bookingDate,FutureOrPresent.java.time.LocalDate,FutureOrPresent]; arguments [org.springframework.context.support.DefaultMessageSourceResolvable: codes [requestDTO.bookingDate,bookingDate]; arguments []; default message [bookingDate]]; default message [must be a date in the present or in the future]] [Field error in object 'requestDTO' on field 'registrationDate': rejected value [2024-12-12]; codes [PastOrPresent.requestDTO.registrationDate,PastOrPresent.registrationDate,PastOrPresent.java.time.LocalDate,PastOrPresent]; arguments [org.springframework.context.support.DefaultMessageSourceResolvable: codes [requestDTO.registrationDate,registrationDate]; arguments []; default message [registrationDate]]; default message [Registration date must be past or present date]] [Field error in object 'requestDTO' on field 'birthDate': rejected value [2025-01-01]; codes [Past.requestDTO.birthDate,Past.birthDate,Past.java.time.LocalDate,Past]; arguments [org.springframework.context.support.DefaultMessageSourceResolvable: codes [requestDTO.birthDate,birthDate]; arguments []; default message [birthDate]]; default message [BirthDate must be a past date]] ]
